<?xml version="1.0" encoding="UTF-8"?>
<testsuite xmlns:xsi="http://www.w3.org/2001/XMLSchema-instance" xsi:noNamespaceSchemaLocation="https://maven.apache.org/surefire/maven-surefire-plugin/xsd/surefire-test-report.xsd" name="com.edustar.gateway.GatewayApplicationTests" time="4.524" tests="1" errors="0" skipped="0" failures="0">
  <properties>
    <property name="java.specification.version" value="17"/>
    <property name="sun.jnu.encoding" value="UTF-8"/>
    <property name="java.class.path" value="/home/antoniosai/Code/edustar-app/microservice/gateway/target/test-classes:/home/antoniosai/Code/edustar-app/microservice/gateway/target/classes:/home/antoniosai/.m2/repository/org/springframework/cloud/spring-cloud-starter-gateway/4.0.1/spring-cloud-starter-gateway-4.0.1.jar:/home/antoniosai/.m2/repository/org/springframework/cloud/spring-cloud-starter/4.0.1/spring-cloud-starter-4.0.1.jar:/home/antoniosai/.m2/repository/org/springframework/cloud/spring-cloud-context/4.0.1/spring-cloud-context-4.0.1.jar:/home/antoniosai/.m2/repository/org/springframework/security/spring-security-crypto/6.0.1/spring-security-crypto-6.0.1.jar:/home/antoniosai/.m2/repository/org/springframework/cloud/spring-cloud-commons/4.0.1/spring-cloud-commons-4.0.1.jar:/home/antoniosai/.m2/repository/org/springframework/security/spring-security-rsa/1.0.11.RELEASE/spring-security-rsa-1.0.11.RELEASE.jar:/home/antoniosai/.m2/repository/org/bouncycastle/bcpkix-jdk15on/1.69/bcpkix-jdk15on-1.69.jar:/home/antoniosai/.m2/repository/org/bouncycastle/bcprov-jdk15on/1.69/bcprov-jdk15on-1.69.jar:/home/antoniosai/.m2/repository/org/bouncycastle/bcutil-jdk15on/1.69/bcutil-jdk15on-1.69.jar:/home/antoniosai/.m2/repository/org/springframework/cloud/spring-cloud-gateway-server/4.0.1/spring-cloud-gateway-server-4.0.1.jar:/home/antoniosai/.m2/repository/org/springframework/boot/spring-boot-starter-validation/3.0.2/spring-boot-starter-validation-3.0.2.jar:/home/antoniosai/.m2/repository/org/apache/tomcat/embed/tomcat-embed-el/10.1.5/tomcat-embed-el-10.1.5.jar:/home/antoniosai/.m2/repository/org/hibernate/validator/hibernate-validator/8.0.0.Final/hibernate-validator-8.0.0.Final.jar:/home/antoniosai/.m2/repository/jakarta/validation/jakarta.validation-api/3.0.2/jakarta.validation-api-3.0.2.jar:/home/antoniosai/.m2/repository/org/jboss/logging/jboss-logging/3.5.0.Final/jboss-logging-3.5.0.Final.jar:/home/antoniosai/.m2/repository/com/fasterxml/classmate/1.5.1/classmate-1.5.1.jar:/home/antoniosai/.m2/repository/io/projectreactor/addons/reactor-extra/3.5.0/reactor-extra-3.5.0.jar:/home/antoniosai/.m2/repository/io/projectreactor/reactor-core/3.5.2/reactor-core-3.5.2.jar:/home/antoniosai/.m2/repository/org/reactivestreams/reactive-streams/1.0.4/reactive-streams-1.0.4.jar:/home/antoniosai/.m2/repository/org/springframework/boot/spring-boot-starter-webflux/3.0.2/spring-boot-starter-webflux-3.0.2.jar:/home/antoniosai/.m2/repository/org/springframework/boot/spring-boot-starter-json/3.0.2/spring-boot-starter-json-3.0.2.jar:/home/antoniosai/.m2/repository/com/fasterxml/jackson/datatype/jackson-datatype-jdk8/2.14.1/jackson-datatype-jdk8-2.14.1.jar:/home/antoniosai/.m2/repository/com/fasterxml/jackson/module/jackson-module-parameter-names/2.14.1/jackson-module-parameter-names-2.14.1.jar:/home/antoniosai/.m2/repository/org/springframework/boot/spring-boot-starter-reactor-netty/3.0.2/spring-boot-starter-reactor-netty-3.0.2.jar:/home/antoniosai/.m2/repository/io/projectreactor/netty/reactor-netty-http/1.1.2/reactor-netty-http-1.1.2.jar:/home/antoniosai/.m2/repository/io/netty/netty-codec-http/4.1.87.Final/netty-codec-http-4.1.87.Final.jar:/home/antoniosai/.m2/repository/io/netty/netty-common/4.1.87.Final/netty-common-4.1.87.Final.jar:/home/antoniosai/.m2/repository/io/netty/netty-buffer/4.1.87.Final/netty-buffer-4.1.87.Final.jar:/home/antoniosai/.m2/repository/io/netty/netty-transport/4.1.87.Final/netty-transport-4.1.87.Final.jar:/home/antoniosai/.m2/repository/io/netty/netty-codec/4.1.87.Final/netty-codec-4.1.87.Final.jar:/home/antoniosai/.m2/repository/io/netty/netty-handler/4.1.87.Final/netty-handler-4.1.87.Final.jar:/home/antoniosai/.m2/repository/io/netty/netty-codec-http2/4.1.87.Final/netty-codec-http2-4.1.87.Final.jar:/home/antoniosai/.m2/repository/io/netty/netty-resolver-dns/4.1.87.Final/netty-resolver-dns-4.1.87.Final.jar:/home/antoniosai/.m2/repository/io/netty/netty-resolver/4.1.87.Final/netty-resolver-4.1.87.Final.jar:/home/antoniosai/.m2/repository/io/netty/netty-codec-dns/4.1.87.Final/netty-codec-dns-4.1.87.Final.jar:/home/antoniosai/.m2/repository/io/netty/netty-resolver-dns-native-macos/4.1.87.Final/netty-resolver-dns-native-macos-4.1.87.Final-osx-x86_64.jar:/home/antoniosai/.m2/repository/io/netty/netty-resolver-dns-classes-macos/4.1.87.Final/netty-resolver-dns-classes-macos-4.1.87.Final.jar:/home/antoniosai/.m2/repository/io/netty/netty-transport-native-epoll/4.1.87.Final/netty-transport-native-epoll-4.1.87.Final-linux-x86_64.jar:/home/antoniosai/.m2/repository/io/netty/netty-transport-native-unix-common/4.1.87.Final/netty-transport-native-unix-common-4.1.87.Final.jar:/home/antoniosai/.m2/repository/io/netty/netty-transport-classes-epoll/4.1.87.Final/netty-transport-classes-epoll-4.1.87.Final.jar:/home/antoniosai/.m2/repository/io/projectreactor/netty/reactor-netty-core/1.1.2/reactor-netty-core-1.1.2.jar:/home/antoniosai/.m2/repository/io/netty/netty-handler-proxy/4.1.87.Final/netty-handler-proxy-4.1.87.Final.jar:/home/antoniosai/.m2/repository/io/netty/netty-codec-socks/4.1.87.Final/netty-codec-socks-4.1.87.Final.jar:/home/antoniosai/.m2/repository/org/springframework/spring-web/6.0.4/spring-web-6.0.4.jar:/home/antoniosai/.m2/repository/org/springframework/spring-beans/6.0.4/spring-beans-6.0.4.jar:/home/antoniosai/.m2/repository/org/springframework/spring-webflux/6.0.4/spring-webflux-6.0.4.jar:/home/antoniosai/.m2/repository/org/springframework/cloud/spring-cloud-starter-netflix-eureka-client/4.0.0/spring-cloud-starter-netflix-eureka-client-4.0.0.jar:/home/antoniosai/.m2/repository/org/springframework/cloud/spring-cloud-netflix-eureka-client/4.0.0/spring-cloud-netflix-eureka-client-4.0.0.jar:/home/antoniosai/.m2/repository/org/apache/httpcomponents/client5/httpclient5/5.1.4/httpclient5-5.1.4.jar:/home/antoniosai/.m2/repository/org/apache/httpcomponents/core5/httpcore5/5.1.5/httpcore5-5.1.5.jar:/home/antoniosai/.m2/repository/org/apache/httpcomponents/core5/httpcore5-h2/5.1.5/httpcore5-h2-5.1.5.jar:/home/antoniosai/.m2/repository/commons-codec/commons-codec/1.15/commons-codec-1.15.jar:/home/antoniosai/.m2/repository/com/netflix/eureka/eureka-client/2.0.0/eureka-client-2.0.0.jar:/home/antoniosai/.m2/repository/com/netflix/netflix-commons/netflix-eventbus/0.3.0/netflix-eventbus-0.3.0.jar:/home/antoniosai/.m2/repository/com/netflix/netflix-commons/netflix-infix/0.3.0/netflix-infix-0.3.0.jar:/home/antoniosai/.m2/repository/commons-jxpath/commons-jxpath/1.3/commons-jxpath-1.3.jar:/home/antoniosai/.m2/repository/joda-time/joda-time/2.3/joda-time-2.3.jar:/home/antoniosai/.m2/repository/org/antlr/antlr-runtime/3.4/antlr-runtime-3.4.jar:/home/antoniosai/.m2/repository/org/antlr/stringtemplate/3.2.1/stringtemplate-3.2.1.jar:/home/antoniosai/.m2/repository/antlr/antlr/2.7.7/antlr-2.7.7.jar:/home/antoniosai/.m2/repository/com/google/code/gson/gson/2.9.1/gson-2.9.1.jar:/home/antoniosai/.m2/repository/org/apache/commons/commons-math/2.2/commons-math-2.2.jar:/home/antoniosai/.m2/repository/com/thoughtworks/xstream/xstream/1.4.19/xstream-1.4.19.jar:/home/antoniosai/.m2/repository/io/github/x-stream/mxparser/1.2.2/mxparser-1.2.2.jar:/home/antoniosai/.m2/repository/xmlpull/xmlpull/1.1.3.1/xmlpull-1.1.3.1.jar:/home/antoniosai/.m2/repository/jakarta/ws/rs/jakarta.ws.rs-api/3.1.0/jakarta.ws.rs-api-3.1.0.jar:/home/antoniosai/.m2/repository/jakarta/inject/jakarta.inject-api/2.0.1/jakarta.inject-api-2.0.1.jar:/home/antoniosai/.m2/repository/jakarta/annotation/jakarta.annotation-api/2.1.1/jakarta.annotation-api-2.1.1.jar:/home/antoniosai/.m2/repository/com/netflix/servo/servo-core/0.12.21/servo-core-0.12.21.jar:/home/antoniosai/.m2/repository/com/google/guava/guava/19.0/guava-19.0.jar:/home/antoniosai/.m2/repository/org/apache/httpcomponents/httpclient/4.5.14/httpclient-4.5.14.jar:/home/antoniosai/.m2/repository/org/apache/httpcomponents/httpcore/4.4.16/httpcore-4.4.16.jar:/home/antoniosai/.m2/repository/commons-configuration/commons-configuration/1.10/commons-configuration-1.10.jar:/home/antoniosai/.m2/repository/commons-lang/commons-lang/2.6/commons-lang-2.6.jar:/home/antoniosai/.m2/repository/com/fasterxml/jackson/core/jackson-annotations/2.14.1/jackson-annotations-2.14.1.jar:/home/antoniosai/.m2/repository/com/fasterxml/jackson/core/jackson-core/2.14.1/jackson-core-2.14.1.jar:/home/antoniosai/.m2/repository/com/fasterxml/jackson/core/jackson-databind/2.14.1/jackson-databind-2.14.1.jar:/home/antoniosai/.m2/repository/org/codehaus/jettison/jettison/1.4.0/jettison-1.4.0.jar:/home/antoniosai/.m2/repository/com/netflix/eureka/eureka-core/2.0.0/eureka-core-2.0.0.jar:/home/antoniosai/.m2/repository/jakarta/servlet/jakarta.servlet-api/6.0.0/jakarta.servlet-api-6.0.0.jar:/home/antoniosai/.m2/repository/com/fasterxml/woodstox/woodstox-core/6.2.1/woodstox-core-6.2.1.jar:/home/antoniosai/.m2/repository/org/codehaus/woodstox/stax2-api/4.2.1/stax2-api-4.2.1.jar:/home/antoniosai/.m2/repository/org/springframework/cloud/spring-cloud-starter-loadbalancer/4.0.1/spring-cloud-starter-loadbalancer-4.0.1.jar:/home/antoniosai/.m2/repository/org/springframework/cloud/spring-cloud-loadbalancer/4.0.1/spring-cloud-loadbalancer-4.0.1.jar:/home/antoniosai/.m2/repository/org/springframework/boot/spring-boot-starter-cache/3.0.2/spring-boot-starter-cache-3.0.2.jar:/home/antoniosai/.m2/repository/org/springframework/spring-context-support/6.0.4/spring-context-support-6.0.4.jar:/home/antoniosai/.m2/repository/com/stoyanr/evictor/1.0.0/evictor-1.0.0.jar:/home/antoniosai/.m2/repository/org/springframework/boot/spring-boot-starter-test/3.0.2/spring-boot-starter-test-3.0.2.jar:/home/antoniosai/.m2/repository/org/springframework/boot/spring-boot-starter/3.0.2/spring-boot-starter-3.0.2.jar:/home/antoniosai/.m2/repository/org/springframework/boot/spring-boot/3.0.2/spring-boot-3.0.2.jar:/home/antoniosai/.m2/repository/org/springframework/spring-context/6.0.4/spring-context-6.0.4.jar:/home/antoniosai/.m2/repository/org/springframework/spring-aop/6.0.4/spring-aop-6.0.4.jar:/home/antoniosai/.m2/repository/org/springframework/spring-expression/6.0.4/spring-expression-6.0.4.jar:/home/antoniosai/.m2/repository/org/springframework/boot/spring-boot-autoconfigure/3.0.2/spring-boot-autoconfigure-3.0.2.jar:/home/antoniosai/.m2/repository/org/springframework/boot/spring-boot-starter-logging/3.0.2/spring-boot-starter-logging-3.0.2.jar:/home/antoniosai/.m2/repository/ch/qos/logback/logback-classic/1.4.5/logback-classic-1.4.5.jar:/home/antoniosai/.m2/repository/ch/qos/logback/logback-core/1.4.5/logback-core-1.4.5.jar:/home/antoniosai/.m2/repository/org/apache/logging/log4j/log4j-to-slf4j/2.19.0/log4j-to-slf4j-2.19.0.jar:/home/antoniosai/.m2/repository/org/apache/logging/log4j/log4j-api/2.19.0/log4j-api-2.19.0.jar:/home/antoniosai/.m2/repository/org/slf4j/jul-to-slf4j/2.0.6/jul-to-slf4j-2.0.6.jar:/home/antoniosai/.m2/repository/org/yaml/snakeyaml/1.33/snakeyaml-1.33.jar:/home/antoniosai/.m2/repository/org/springframework/boot/spring-boot-test/3.0.2/spring-boot-test-3.0.2.jar:/home/antoniosai/.m2/repository/org/springframework/boot/spring-boot-test-autoconfigure/3.0.2/spring-boot-test-autoconfigure-3.0.2.jar:/home/antoniosai/.m2/repository/com/jayway/jsonpath/json-path/2.7.0/json-path-2.7.0.jar:/home/antoniosai/.m2/repository/net/minidev/json-smart/2.4.8/json-smart-2.4.8.jar:/home/antoniosai/.m2/repository/net/minidev/accessors-smart/2.4.8/accessors-smart-2.4.8.jar:/home/antoniosai/.m2/repository/org/ow2/asm/asm/9.1/asm-9.1.jar:/home/antoniosai/.m2/repository/org/slf4j/slf4j-api/2.0.6/slf4j-api-2.0.6.jar:/home/antoniosai/.m2/repository/jakarta/xml/bind/jakarta.xml.bind-api/4.0.0/jakarta.xml.bind-api-4.0.0.jar:/home/antoniosai/.m2/repository/jakarta/activation/jakarta.activation-api/2.1.1/jakarta.activation-api-2.1.1.jar:/home/antoniosai/.m2/repository/org/assertj/assertj-core/3.23.1/assertj-core-3.23.1.jar:/home/antoniosai/.m2/repository/net/bytebuddy/byte-buddy/1.12.22/byte-buddy-1.12.22.jar:/home/antoniosai/.m2/repository/org/hamcrest/hamcrest/2.2/hamcrest-2.2.jar:/home/antoniosai/.m2/repository/org/junit/jupiter/junit-jupiter/5.9.2/junit-jupiter-5.9.2.jar:/home/antoniosai/.m2/repository/org/junit/jupiter/junit-jupiter-api/5.9.2/junit-jupiter-api-5.9.2.jar:/home/antoniosai/.m2/repository/org/opentest4j/opentest4j/1.2.0/opentest4j-1.2.0.jar:/home/antoniosai/.m2/repository/org/junit/platform/junit-platform-commons/1.9.2/junit-platform-commons-1.9.2.jar:/home/antoniosai/.m2/repository/org/apiguardian/apiguardian-api/1.1.2/apiguardian-api-1.1.2.jar:/home/antoniosai/.m2/repository/org/junit/jupiter/junit-jupiter-params/5.9.2/junit-jupiter-params-5.9.2.jar:/home/antoniosai/.m2/repository/org/junit/jupiter/junit-jupiter-engine/5.9.2/junit-jupiter-engine-5.9.2.jar:/home/antoniosai/.m2/repository/org/junit/platform/junit-platform-engine/1.9.2/junit-platform-engine-1.9.2.jar:/home/antoniosai/.m2/repository/org/mockito/mockito-core/4.8.1/mockito-core-4.8.1.jar:/home/antoniosai/.m2/repository/net/bytebuddy/byte-buddy-agent/1.12.22/byte-buddy-agent-1.12.22.jar:/home/antoniosai/.m2/repository/org/objenesis/objenesis/3.2/objenesis-3.2.jar:/home/antoniosai/.m2/repository/org/mockito/mockito-junit-jupiter/4.8.1/mockito-junit-jupiter-4.8.1.jar:/home/antoniosai/.m2/repository/org/skyscreamer/jsonassert/1.5.1/jsonassert-1.5.1.jar:/home/antoniosai/.m2/repository/com/vaadin/external/google/android-json/0.0.20131108.vaadin1/android-json-0.0.20131108.vaadin1.jar:/home/antoniosai/.m2/repository/org/springframework/spring-core/6.0.4/spring-core-6.0.4.jar:/home/antoniosai/.m2/repository/org/springframework/spring-jcl/6.0.4/spring-jcl-6.0.4.jar:/home/antoniosai/.m2/repository/org/springframework/spring-test/6.0.4/spring-test-6.0.4.jar:/home/antoniosai/.m2/repository/org/xmlunit/xmlunit-core/2.9.1/xmlunit-core-2.9.1.jar:/home/antoniosai/.m2/repository/org/springframework/boot/spring-boot-starter-actuator/3.0.2/spring-boot-starter-actuator-3.0.2.jar:/home/antoniosai/.m2/repository/org/springframework/boot/spring-boot-actuator-autoconfigure/3.0.2/spring-boot-actuator-autoconfigure-3.0.2.jar:/home/antoniosai/.m2/repository/org/springframework/boot/spring-boot-actuator/3.0.2/spring-boot-actuator-3.0.2.jar:/home/antoniosai/.m2/repository/com/fasterxml/jackson/datatype/jackson-datatype-jsr310/2.14.1/jackson-datatype-jsr310-2.14.1.jar:/home/antoniosai/.m2/repository/io/micrometer/micrometer-observation/1.10.3/micrometer-observation-1.10.3.jar:/home/antoniosai/.m2/repository/io/micrometer/micrometer-commons/1.10.3/micrometer-commons-1.10.3.jar:/home/antoniosai/.m2/repository/io/micrometer/micrometer-core/1.10.3/micrometer-core-1.10.3.jar:/home/antoniosai/.m2/repository/org/hdrhistogram/HdrHistogram/2.1.12/HdrHistogram-2.1.12.jar:/home/antoniosai/.m2/repository/org/latencyutils/LatencyUtils/2.0.3/LatencyUtils-2.0.3.jar:"/>
    <property name="java.vm.vendor" value="Amazon.com Inc."/>
    <property name="sun.arch.data.model" value="64"/>
    <property name="java.vendor.url" value="https://aws.amazon.com/corretto/"/>
    <property name="os.name" value="Linux"/>
    <property name="java.vm.specification.version" value="17"/>
    <property name="sun.java.launcher" value="SUN_STANDARD"/>
    <property name="user.country" value="US"/>
    <property name="sun.boot.library.path" value="/home/antoniosai/.sdkman/candidates/java/17.0.5-amzn/lib"/>
    <property name="sun.java.command" value="/home/antoniosai/Code/edustar-app/microservice/gateway/target/surefire/surefirebooter540223251561943938.jar /home/antoniosai/Code/edustar-app/microservice/gateway/target/surefire 2023-02-26T21-25-12_605-jvmRun1 surefire136864782273001005tmp surefire_017186420955158098300tmp"/>
    <property name="jdk.debug" value="release"/>
    <property name="surefire.test.class.path" value="/home/antoniosai/Code/edustar-app/microservice/gateway/target/test-classes:/home/antoniosai/Code/edustar-app/microservice/gateway/target/classes:/home/antoniosai/.m2/repository/org/springframework/cloud/spring-cloud-starter-gateway/4.0.1/spring-cloud-starter-gateway-4.0.1.jar:/home/antoniosai/.m2/repository/org/springframework/cloud/spring-cloud-starter/4.0.1/spring-cloud-starter-4.0.1.jar:/home/antoniosai/.m2/repository/org/springframework/cloud/spring-cloud-context/4.0.1/spring-cloud-context-4.0.1.jar:/home/antoniosai/.m2/repository/org/springframework/security/spring-security-crypto/6.0.1/spring-security-crypto-6.0.1.jar:/home/antoniosai/.m2/repository/org/springframework/cloud/spring-cloud-commons/4.0.1/spring-cloud-commons-4.0.1.jar:/home/antoniosai/.m2/repository/org/springframework/security/spring-security-rsa/1.0.11.RELEASE/spring-security-rsa-1.0.11.RELEASE.jar:/home/antoniosai/.m2/repository/org/bouncycastle/bcpkix-jdk15on/1.69/bcpkix-jdk15on-1.69.jar:/home/antoniosai/.m2/repository/org/bouncycastle/bcprov-jdk15on/1.69/bcprov-jdk15on-1.69.jar:/home/antoniosai/.m2/repository/org/bouncycastle/bcutil-jdk15on/1.69/bcutil-jdk15on-1.69.jar:/home/antoniosai/.m2/repository/org/springframework/cloud/spring-cloud-gateway-server/4.0.1/spring-cloud-gateway-server-4.0.1.jar:/home/antoniosai/.m2/repository/org/springframework/boot/spring-boot-starter-validation/3.0.2/spring-boot-starter-validation-3.0.2.jar:/home/antoniosai/.m2/repository/org/apache/tomcat/embed/tomcat-embed-el/10.1.5/tomcat-embed-el-10.1.5.jar:/home/antoniosai/.m2/repository/org/hibernate/validator/hibernate-validator/8.0.0.Final/hibernate-validator-8.0.0.Final.jar:/home/antoniosai/.m2/repository/jakarta/validation/jakarta.validation-api/3.0.2/jakarta.validation-api-3.0.2.jar:/home/antoniosai/.m2/repository/org/jboss/logging/jboss-logging/3.5.0.Final/jboss-logging-3.5.0.Final.jar:/home/antoniosai/.m2/repository/com/fasterxml/classmate/1.5.1/classmate-1.5.1.jar:/home/antoniosai/.m2/repository/io/projectreactor/addons/reactor-extra/3.5.0/reactor-extra-3.5.0.jar:/home/antoniosai/.m2/repository/io/projectreactor/reactor-core/3.5.2/reactor-core-3.5.2.jar:/home/antoniosai/.m2/repository/org/reactivestreams/reactive-streams/1.0.4/reactive-streams-1.0.4.jar:/home/antoniosai/.m2/repository/org/springframework/boot/spring-boot-starter-webflux/3.0.2/spring-boot-starter-webflux-3.0.2.jar:/home/antoniosai/.m2/repository/org/springframework/boot/spring-boot-starter-json/3.0.2/spring-boot-starter-json-3.0.2.jar:/home/antoniosai/.m2/repository/com/fasterxml/jackson/datatype/jackson-datatype-jdk8/2.14.1/jackson-datatype-jdk8-2.14.1.jar:/home/antoniosai/.m2/repository/com/fasterxml/jackson/module/jackson-module-parameter-names/2.14.1/jackson-module-parameter-names-2.14.1.jar:/home/antoniosai/.m2/repository/org/springframework/boot/spring-boot-starter-reactor-netty/3.0.2/spring-boot-starter-reactor-netty-3.0.2.jar:/home/antoniosai/.m2/repository/io/projectreactor/netty/reactor-netty-http/1.1.2/reactor-netty-http-1.1.2.jar:/home/antoniosai/.m2/repository/io/netty/netty-codec-http/4.1.87.Final/netty-codec-http-4.1.87.Final.jar:/home/antoniosai/.m2/repository/io/netty/netty-common/4.1.87.Final/netty-common-4.1.87.Final.jar:/home/antoniosai/.m2/repository/io/netty/netty-buffer/4.1.87.Final/netty-buffer-4.1.87.Final.jar:/home/antoniosai/.m2/repository/io/netty/netty-transport/4.1.87.Final/netty-transport-4.1.87.Final.jar:/home/antoniosai/.m2/repository/io/netty/netty-codec/4.1.87.Final/netty-codec-4.1.87.Final.jar:/home/antoniosai/.m2/repository/io/netty/netty-handler/4.1.87.Final/netty-handler-4.1.87.Final.jar:/home/antoniosai/.m2/repository/io/netty/netty-codec-http2/4.1.87.Final/netty-codec-http2-4.1.87.Final.jar:/home/antoniosai/.m2/repository/io/netty/netty-resolver-dns/4.1.87.Final/netty-resolver-dns-4.1.87.Final.jar:/home/antoniosai/.m2/repository/io/netty/netty-resolver/4.1.87.Final/netty-resolver-4.1.87.Final.jar:/home/antoniosai/.m2/repository/io/netty/netty-codec-dns/4.1.87.Final/netty-codec-dns-4.1.87.Final.jar:/home/antoniosai/.m2/repository/io/netty/netty-resolver-dns-native-macos/4.1.87.Final/netty-resolver-dns-native-macos-4.1.87.Final-osx-x86_64.jar:/home/antoniosai/.m2/repository/io/netty/netty-resolver-dns-classes-macos/4.1.87.Final/netty-resolver-dns-classes-macos-4.1.87.Final.jar:/home/antoniosai/.m2/repository/io/netty/netty-transport-native-epoll/4.1.87.Final/netty-transport-native-epoll-4.1.87.Final-linux-x86_64.jar:/home/antoniosai/.m2/repository/io/netty/netty-transport-native-unix-common/4.1.87.Final/netty-transport-native-unix-common-4.1.87.Final.jar:/home/antoniosai/.m2/repository/io/netty/netty-transport-classes-epoll/4.1.87.Final/netty-transport-classes-epoll-4.1.87.Final.jar:/home/antoniosai/.m2/repository/io/projectreactor/netty/reactor-netty-core/1.1.2/reactor-netty-core-1.1.2.jar:/home/antoniosai/.m2/repository/io/netty/netty-handler-proxy/4.1.87.Final/netty-handler-proxy-4.1.87.Final.jar:/home/antoniosai/.m2/repository/io/netty/netty-codec-socks/4.1.87.Final/netty-codec-socks-4.1.87.Final.jar:/home/antoniosai/.m2/repository/org/springframework/spring-web/6.0.4/spring-web-6.0.4.jar:/home/antoniosai/.m2/repository/org/springframework/spring-beans/6.0.4/spring-beans-6.0.4.jar:/home/antoniosai/.m2/repository/org/springframework/spring-webflux/6.0.4/spring-webflux-6.0.4.jar:/home/antoniosai/.m2/repository/org/springframework/cloud/spring-cloud-starter-netflix-eureka-client/4.0.0/spring-cloud-starter-netflix-eureka-client-4.0.0.jar:/home/antoniosai/.m2/repository/org/springframework/cloud/spring-cloud-netflix-eureka-client/4.0.0/spring-cloud-netflix-eureka-client-4.0.0.jar:/home/antoniosai/.m2/repository/org/apache/httpcomponents/client5/httpclient5/5.1.4/httpclient5-5.1.4.jar:/home/antoniosai/.m2/repository/org/apache/httpcomponents/core5/httpcore5/5.1.5/httpcore5-5.1.5.jar:/home/antoniosai/.m2/repository/org/apache/httpcomponents/core5/httpcore5-h2/5.1.5/httpcore5-h2-5.1.5.jar:/home/antoniosai/.m2/repository/commons-codec/commons-codec/1.15/commons-codec-1.15.jar:/home/antoniosai/.m2/repository/com/netflix/eureka/eureka-client/2.0.0/eureka-client-2.0.0.jar:/home/antoniosai/.m2/repository/com/netflix/netflix-commons/netflix-eventbus/0.3.0/netflix-eventbus-0.3.0.jar:/home/antoniosai/.m2/repository/com/netflix/netflix-commons/netflix-infix/0.3.0/netflix-infix-0.3.0.jar:/home/antoniosai/.m2/repository/commons-jxpath/commons-jxpath/1.3/commons-jxpath-1.3.jar:/home/antoniosai/.m2/repository/joda-time/joda-time/2.3/joda-time-2.3.jar:/home/antoniosai/.m2/repository/org/antlr/antlr-runtime/3.4/antlr-runtime-3.4.jar:/home/antoniosai/.m2/repository/org/antlr/stringtemplate/3.2.1/stringtemplate-3.2.1.jar:/home/antoniosai/.m2/repository/antlr/antlr/2.7.7/antlr-2.7.7.jar:/home/antoniosai/.m2/repository/com/google/code/gson/gson/2.9.1/gson-2.9.1.jar:/home/antoniosai/.m2/repository/org/apache/commons/commons-math/2.2/commons-math-2.2.jar:/home/antoniosai/.m2/repository/com/thoughtworks/xstream/xstream/1.4.19/xstream-1.4.19.jar:/home/antoniosai/.m2/repository/io/github/x-stream/mxparser/1.2.2/mxparser-1.2.2.jar:/home/antoniosai/.m2/repository/xmlpull/xmlpull/1.1.3.1/xmlpull-1.1.3.1.jar:/home/antoniosai/.m2/repository/jakarta/ws/rs/jakarta.ws.rs-api/3.1.0/jakarta.ws.rs-api-3.1.0.jar:/home/antoniosai/.m2/repository/jakarta/inject/jakarta.inject-api/2.0.1/jakarta.inject-api-2.0.1.jar:/home/antoniosai/.m2/repository/jakarta/annotation/jakarta.annotation-api/2.1.1/jakarta.annotation-api-2.1.1.jar:/home/antoniosai/.m2/repository/com/netflix/servo/servo-core/0.12.21/servo-core-0.12.21.jar:/home/antoniosai/.m2/repository/com/google/guava/guava/19.0/guava-19.0.jar:/home/antoniosai/.m2/repository/org/apache/httpcomponents/httpclient/4.5.14/httpclient-4.5.14.jar:/home/antoniosai/.m2/repository/org/apache/httpcomponents/httpcore/4.4.16/httpcore-4.4.16.jar:/home/antoniosai/.m2/repository/commons-configuration/commons-configuration/1.10/commons-configuration-1.10.jar:/home/antoniosai/.m2/repository/commons-lang/commons-lang/2.6/commons-lang-2.6.jar:/home/antoniosai/.m2/repository/com/fasterxml/jackson/core/jackson-annotations/2.14.1/jackson-annotations-2.14.1.jar:/home/antoniosai/.m2/repository/com/fasterxml/jackson/core/jackson-core/2.14.1/jackson-core-2.14.1.jar:/home/antoniosai/.m2/repository/com/fasterxml/jackson/core/jackson-databind/2.14.1/jackson-databind-2.14.1.jar:/home/antoniosai/.m2/repository/org/codehaus/jettison/jettison/1.4.0/jettison-1.4.0.jar:/home/antoniosai/.m2/repository/com/netflix/eureka/eureka-core/2.0.0/eureka-core-2.0.0.jar:/home/antoniosai/.m2/repository/jakarta/servlet/jakarta.servlet-api/6.0.0/jakarta.servlet-api-6.0.0.jar:/home/antoniosai/.m2/repository/com/fasterxml/woodstox/woodstox-core/6.2.1/woodstox-core-6.2.1.jar:/home/antoniosai/.m2/repository/org/codehaus/woodstox/stax2-api/4.2.1/stax2-api-4.2.1.jar:/home/antoniosai/.m2/repository/org/springframework/cloud/spring-cloud-starter-loadbalancer/4.0.1/spring-cloud-starter-loadbalancer-4.0.1.jar:/home/antoniosai/.m2/repository/org/springframework/cloud/spring-cloud-loadbalancer/4.0.1/spring-cloud-loadbalancer-4.0.1.jar:/home/antoniosai/.m2/repository/org/springframework/boot/spring-boot-starter-cache/3.0.2/spring-boot-starter-cache-3.0.2.jar:/home/antoniosai/.m2/repository/org/springframework/spring-context-support/6.0.4/spring-context-support-6.0.4.jar:/home/antoniosai/.m2/repository/com/stoyanr/evictor/1.0.0/evictor-1.0.0.jar:/home/antoniosai/.m2/repository/org/springframework/boot/spring-boot-starter-test/3.0.2/spring-boot-starter-test-3.0.2.jar:/home/antoniosai/.m2/repository/org/springframework/boot/spring-boot-starter/3.0.2/spring-boot-starter-3.0.2.jar:/home/antoniosai/.m2/repository/org/springframework/boot/spring-boot/3.0.2/spring-boot-3.0.2.jar:/home/antoniosai/.m2/repository/org/springframework/spring-context/6.0.4/spring-context-6.0.4.jar:/home/antoniosai/.m2/repository/org/springframework/spring-aop/6.0.4/spring-aop-6.0.4.jar:/home/antoniosai/.m2/repository/org/springframework/spring-expression/6.0.4/spring-expression-6.0.4.jar:/home/antoniosai/.m2/repository/org/springframework/boot/spring-boot-autoconfigure/3.0.2/spring-boot-autoconfigure-3.0.2.jar:/home/antoniosai/.m2/repository/org/springframework/boot/spring-boot-starter-logging/3.0.2/spring-boot-starter-logging-3.0.2.jar:/home/antoniosai/.m2/repository/ch/qos/logback/logback-classic/1.4.5/logback-classic-1.4.5.jar:/home/antoniosai/.m2/repository/ch/qos/logback/logback-core/1.4.5/logback-core-1.4.5.jar:/home/antoniosai/.m2/repository/org/apache/logging/log4j/log4j-to-slf4j/2.19.0/log4j-to-slf4j-2.19.0.jar:/home/antoniosai/.m2/repository/org/apache/logging/log4j/log4j-api/2.19.0/log4j-api-2.19.0.jar:/home/antoniosai/.m2/repository/org/slf4j/jul-to-slf4j/2.0.6/jul-to-slf4j-2.0.6.jar:/home/antoniosai/.m2/repository/org/yaml/snakeyaml/1.33/snakeyaml-1.33.jar:/home/antoniosai/.m2/repository/org/springframework/boot/spring-boot-test/3.0.2/spring-boot-test-3.0.2.jar:/home/antoniosai/.m2/repository/org/springframework/boot/spring-boot-test-autoconfigure/3.0.2/spring-boot-test-autoconfigure-3.0.2.jar:/home/antoniosai/.m2/repository/com/jayway/jsonpath/json-path/2.7.0/json-path-2.7.0.jar:/home/antoniosai/.m2/repository/net/minidev/json-smart/2.4.8/json-smart-2.4.8.jar:/home/antoniosai/.m2/repository/net/minidev/accessors-smart/2.4.8/accessors-smart-2.4.8.jar:/home/antoniosai/.m2/repository/org/ow2/asm/asm/9.1/asm-9.1.jar:/home/antoniosai/.m2/repository/org/slf4j/slf4j-api/2.0.6/slf4j-api-2.0.6.jar:/home/antoniosai/.m2/repository/jakarta/xml/bind/jakarta.xml.bind-api/4.0.0/jakarta.xml.bind-api-4.0.0.jar:/home/antoniosai/.m2/repository/jakarta/activation/jakarta.activation-api/2.1.1/jakarta.activation-api-2.1.1.jar:/home/antoniosai/.m2/repository/org/assertj/assertj-core/3.23.1/assertj-core-3.23.1.jar:/home/antoniosai/.m2/repository/net/bytebuddy/byte-buddy/1.12.22/byte-buddy-1.12.22.jar:/home/antoniosai/.m2/repository/org/hamcrest/hamcrest/2.2/hamcrest-2.2.jar:/home/antoniosai/.m2/repository/org/junit/jupiter/junit-jupiter/5.9.2/junit-jupiter-5.9.2.jar:/home/antoniosai/.m2/repository/org/junit/jupiter/junit-jupiter-api/5.9.2/junit-jupiter-api-5.9.2.jar:/home/antoniosai/.m2/repository/org/opentest4j/opentest4j/1.2.0/opentest4j-1.2.0.jar:/home/antoniosai/.m2/repository/org/junit/platform/junit-platform-commons/1.9.2/junit-platform-commons-1.9.2.jar:/home/antoniosai/.m2/repository/org/apiguardian/apiguardian-api/1.1.2/apiguardian-api-1.1.2.jar:/home/antoniosai/.m2/repository/org/junit/jupiter/junit-jupiter-params/5.9.2/junit-jupiter-params-5.9.2.jar:/home/antoniosai/.m2/repository/org/junit/jupiter/junit-jupiter-engine/5.9.2/junit-jupiter-engine-5.9.2.jar:/home/antoniosai/.m2/repository/org/junit/platform/junit-platform-engine/1.9.2/junit-platform-engine-1.9.2.jar:/home/antoniosai/.m2/repository/org/mockito/mockito-core/4.8.1/mockito-core-4.8.1.jar:/home/antoniosai/.m2/repository/net/bytebuddy/byte-buddy-agent/1.12.22/byte-buddy-agent-1.12.22.jar:/home/antoniosai/.m2/repository/org/objenesis/objenesis/3.2/objenesis-3.2.jar:/home/antoniosai/.m2/repository/org/mockito/mockito-junit-jupiter/4.8.1/mockito-junit-jupiter-4.8.1.jar:/home/antoniosai/.m2/repository/org/skyscreamer/jsonassert/1.5.1/jsonassert-1.5.1.jar:/home/antoniosai/.m2/repository/com/vaadin/external/google/android-json/0.0.20131108.vaadin1/android-json-0.0.20131108.vaadin1.jar:/home/antoniosai/.m2/repository/org/springframework/spring-core/6.0.4/spring-core-6.0.4.jar:/home/antoniosai/.m2/repository/org/springframework/spring-jcl/6.0.4/spring-jcl-6.0.4.jar:/home/antoniosai/.m2/repository/org/springframework/spring-test/6.0.4/spring-test-6.0.4.jar:/home/antoniosai/.m2/repository/org/xmlunit/xmlunit-core/2.9.1/xmlunit-core-2.9.1.jar:/home/antoniosai/.m2/repository/org/springframework/boot/spring-boot-starter-actuator/3.0.2/spring-boot-starter-actuator-3.0.2.jar:/home/antoniosai/.m2/repository/org/springframework/boot/spring-boot-actuator-autoconfigure/3.0.2/spring-boot-actuator-autoconfigure-3.0.2.jar:/home/antoniosai/.m2/repository/org/springframework/boot/spring-boot-actuator/3.0.2/spring-boot-actuator-3.0.2.jar:/home/antoniosai/.m2/repository/com/fasterxml/jackson/datatype/jackson-datatype-jsr310/2.14.1/jackson-datatype-jsr310-2.14.1.jar:/home/antoniosai/.m2/repository/io/micrometer/micrometer-observation/1.10.3/micrometer-observation-1.10.3.jar:/home/antoniosai/.m2/repository/io/micrometer/micrometer-commons/1.10.3/micrometer-commons-1.10.3.jar:/home/antoniosai/.m2/repository/io/micrometer/micrometer-core/1.10.3/micrometer-core-1.10.3.jar:/home/antoniosai/.m2/repository/org/hdrhistogram/HdrHistogram/2.1.12/HdrHistogram-2.1.12.jar:/home/antoniosai/.m2/repository/org/latencyutils/LatencyUtils/2.0.3/LatencyUtils-2.0.3.jar:"/>
    <property name="sun.cpu.endian" value="little"/>
    <property name="user.home" value="/home/antoniosai"/>
    <property name="user.language" value="en"/>
    <property name="java.specification.vendor" value="Oracle Corporation"/>
    <property name="java.version.date" value="2022-10-18"/>
    <property name="java.home" value="/home/antoniosai/.sdkman/candidates/java/17.0.5-amzn"/>
    <property name="file.separator" value="/"/>
    <property name="basedir" value="/home/antoniosai/Code/edustar-app/microservice/gateway"/>
    <property name="java.vm.compressedOopsMode" value="Zero based"/>
    <property name="line.separator" value="&#10;"/>
    <property name="java.vm.specification.vendor" value="Oracle Corporation"/>
    <property name="java.specification.name" value="Java Platform API Specification"/>
    <property name="surefire.real.class.path" value="/home/antoniosai/Code/edustar-app/microservice/gateway/target/surefire/surefirebooter540223251561943938.jar"/>
    <property name="sun.management.compiler" value="HotSpot 64-Bit Tiered Compilers"/>
    <property name="java.runtime.version" value="17.0.5+8-LTS"/>
    <property name="user.name" value="antoniosai"/>
    <property name="path.separator" value=":"/>
    <property name="os.version" value="5.19.0-32-generic"/>
    <property name="java.runtime.name" value="OpenJDK Runtime Environment"/>
    <property name="file.encoding" value="UTF-8"/>
    <property name="java.vm.name" value="OpenJDK 64-Bit Server VM"/>
    <property name="java.vendor.version" value="Corretto-17.0.5.8.1"/>
    <property name="localRepository" value="/home/antoniosai/.m2/repository"/>
    <property name="java.vendor.url.bug" value="https://github.com/corretto/corretto-17/issues/"/>
    <property name="java.io.tmpdir" value="/tmp"/>
    <property name="java.version" value="17.0.5"/>
    <property name="user.dir" value="/home/antoniosai/Code/edustar-app/microservice/gateway"/>
    <property name="os.arch" value="amd64"/>
    <property name="java.vm.specification.name" value="Java Virtual Machine Specification"/>
    <property name="native.encoding" value="UTF-8"/>
    <property name="java.library.path" value="/usr/java/packages/lib:/usr/lib64:/lib64:/lib:/usr/lib"/>
    <property name="java.vm.info" value="mixed mode, sharing"/>
    <property name="java.vendor" value="Amazon.com Inc."/>
    <property name="java.vm.version" value="17.0.5+8-LTS"/>
    <property name="sun.io.unicode.encoding" value="UnicodeLittle"/>
    <property name="java.class.version" value="61.0"/>
  </properties>
  <testcase name="contextLoads" classname="com.edustar.gateway.GatewayApplicationTests" time="0.321"/>
</testsuite>